* using log directory ‘/Users/malecki/mrp/mrp.Rcheck’
* using R version 2.15.1 (2012-06-22)
* using platform: x86_64-apple-darwin11.4.0 (64-bit)
* using session charset: UTF-8
* checking for file ‘mrp/DESCRIPTION’ ... OK
* this is package ‘mrp’ version ‘0.96’
* checking package namespace information ... OK
* checking package dependencies ... OK
* checking if this is a source package ... OK
* checking if there is a namespace ... OK
* checking for executable files ... OK
* checking whether package ‘mrp’ can be installed ... OK
* checking installed package size ... OK
* checking package directory ... OK
* checking for portable file names ... OK
* checking for sufficient/correct file permissions ... OK
* checking DESCRIPTION meta-information ... OK
* checking top-level files ... OK
* checking index information ... OK
* checking package subdirectories ... OK
* checking R files for non-ASCII characters ... OK
* checking R files for syntax errors ... OK
* checking whether the package can be loaded ... OK
* checking whether the package can be loaded with stated dependencies ... OK
* checking whether the package can be unloaded cleanly ... OK
* checking whether the namespace can be loaded with stated dependencies ... OK
* checking whether the namespace can be unloaded cleanly ... OK
* checking for unstated dependencies in R code ... OK
* checking S3 generic/method consistency ... WARNING
reorder:
  function(x, ...)
reorder.popterms:
  function(poll, pop)

See section ‘Generic functions and methods’ of the ‘Writing R
Extensions’ manual.
* checking replacement functions ... OK
* checking foreign function calls ... OK
* checking R code for possible problems ... NOTE
shift.op.vec : new_shifted_national: no visible global function
  definition for ‘logit’
shift.op.vec: no visible global function definition for ‘logit’
* checking Rd files ... OK
* checking Rd metadata ... OK
* checking Rd cross-references ... NOTE
Package(s) unavailable to check Rd xrefs: ‘maptools’, ‘RColorBrewer’, ‘colorRamps’
* checking for missing documentation entries ... WARNING
Undocumented code objects:
  ‘NWayData’ ‘NWayData2df’ ‘addDimnamesForPollControls’
  ‘addSubscriptsForPollControls’ ‘checkPoll’ ‘checkPopulationData’
  ‘checkResponse’ ‘doStrokeList’ ‘expandPollArrayToMatchPopulation’
  ‘fillNAs’ ‘findBsubscriptsInA’ ‘flattenNWay’ ‘getData’
  ‘getDesignEffectByCell’ ‘getModel’ ‘getOutcome’ ‘jags2NWay’
  ‘makeJagsNWay’ ‘makeNWay’ ‘makeOnesNWay’ ‘makePopulationArray’
  ‘mrp.theme’ ‘mrpplot’ ‘newNWayData’ ‘reorder.popterms’
  ‘restoreNWayLevels’ ‘saveNWayLevels’ ‘shift.op.vec’ ‘timPalette’
  ‘warnAboutMissingCells’ ‘write.stan’
Undocumented S4 classes:
  ‘jagsNWayData’
Undocumented S4 methods:
  generic 'flattenNWay' and siglist 'ANY'
  generic 'getData' and siglist 'NWayData'
  generic 'getDesignEffectByCell' and siglist 'NWayData'
  generic 'getModel' and siglist 'mrp'
  generic 'getOutcome' and siglist 'mrp'
  generic 'makeJagsNWay' and siglist 'data.frame'
  generic 'makeNWay' and siglist 'data.frame'
  generic 'makeOnesNWay' and siglist 'NWayData'
  generic 'newNWayData' and siglist 'NWayData'
  generic 'newNWayData' and siglist 'array'
  generic 'show' and siglist 'NWayData'
  generic 'show' and siglist 'mrp'
  generic 'spplot' and siglist 'NWayData'
  generic 'sweep' and siglist 'NWayData'
All user-level objects in a package (including S4 classes and methods)
should have documentation entries.
See the chapter ‘Writing R documentation files’ in the ‘Writing R
Extensions’ manual.
* checking for code/documentation mismatches ... OK
* checking Rd \usage sections ... OK
* checking Rd contents ... OK
* checking for unstated dependencies in examples ... OK
* checking installed files from ‘inst/doc’ ... OK
* checking examples ... OK
* checking PDF version of manual ... OK
WARNING: There were 2 warnings.
NOTE: There were 2 notes.
See
  ‘/Users/malecki/mrp/mrp.Rcheck/00check.log’
for details.
