
This is pdfTeX, Version 3.1415926-2.4-1.40.13 (TeX Live 2012)
 restricted \write18 enabled.
entering extended mode

(/private/var/folders/28/gytpdj695z1gpghv9wry_bf80000gn/T/Rtmpq3zPWv/Rd2pdf1825
874520ba0/Rd2.tex
LaTeX2e <2011/06/27>
Babel <v3.8m> and hyphenation patterns for english, dumylang, nohyphenation, ge
rman-x-2012-05-30, ngerman-x-2012-05-30, afrikaans, ancientgreek, ibycus, arabi
c, armenian, basque, bulgarian, catalan, pinyin, coptic, croatian, czech, danis
h, dutch, ukenglish, usenglishmax, esperanto, estonian, ethiopic, farsi, finnis
h, french, friulan, galician, german, ngerman, swissgerman, monogreek, greek, h
ungarian, icelandic, assamese, bengali, gujarati, hindi, kannada, malayalam, ma
rathi, oriya, panjabi, tamil, telugu, indonesian, interlingua, irish, italian, 
kurmanji, latin, latvian, lithuanian, mongolian, mongolianlmc, bokmal, nynorsk,
 polish, portuguese, romanian, romansh, russian, sanskrit, serbian, serbianc, s
lovak, slovenian, spanish, swedish, turkish, turkmen, ukrainian, uppersorbian, 
welsh, loaded.

(/usr/local/texlive/2012/texmf-dist/tex/latex/base/book.cls
Document Class: book 2007/10/19 v1.4h Standard LaTeX document class
(/usr/local/texlive/2012/texmf-dist/tex/latex/base/bk10.clo))
(/Library/Frameworks/R.framework/Resources/share/texmf/tex/latex/Rd.sty
(/usr/local/texlive/2012/texmf-dist/tex/latex/base/ifthen.sty)
(/usr/local/texlive/2012/texmf-dist/tex/latex/tools/longtable.sty)
(/usr/local/texlive/2012/texmf-dist/tex/latex/tools/bm.sty)
(/usr/local/texlive/2012/texmf-dist/tex/latex/base/alltt.sty)
(/usr/local/texlive/2012/texmf-dist/tex/latex/tools/verbatim.sty)
(/usr/local/texlive/2012/texmf-dist/tex/latex/url/url.sty) NOT loading ae
(/usr/local/texlive/2012/texmf-dist/tex/latex/base/fontenc.sty
(/usr/local/texlive/2012/texmf-dist/tex/latex/base/t1enc.def))
(/usr/local/texlive/2012/texmf-dist/tex/latex/psnfss/times.sty)
NOT loading lmodern
(/usr/local/texlive/2012/texmf-dist/tex/latex/inconsolata/inconsolata.sty
(/usr/local/texlive/2012/texmf-dist/tex/latex/base/textcomp.sty
(/usr/local/texlive/2012/texmf-dist/tex/latex/base/ts1enc.def))
(/usr/local/texlive/2012/texmf-dist/tex/latex/graphics/keyval.sty))
(/usr/local/texlive/2012/texmf-dist/tex/latex/graphics/color.sty
(/usr/local/texlive/2012/texmf-dist/tex/latex/latexconfig/color.cfg)
(/usr/local/texlive/2012/texmf-dist/tex/latex/pdftex-def/pdftex.def
(/usr/local/texlive/2012/texmf-dist/tex/generic/oberdiek/infwarerr.sty)
(/usr/local/texlive/2012/texmf-dist/tex/generic/oberdiek/ltxcmds.sty)))
(/usr/local/texlive/2012/texmf-dist/tex/latex/hyperref/hyperref.sty
(/usr/local/texlive/2012/texmf-dist/tex/generic/oberdiek/hobsub-hyperref.sty
(/usr/local/texlive/2012/texmf-dist/tex/generic/oberdiek/hobsub-generic.sty))
(/usr/local/texlive/2012/texmf-dist/tex/generic/ifxetex/ifxetex.sty)
(/usr/local/texlive/2012/texmf-dist/tex/latex/oberdiek/kvoptions.sty)
(/usr/local/texlive/2012/texmf-dist/tex/latex/hyperref/pd1enc.def)
(/usr/local/texlive/2012/texmf-dist/tex/latex/latexconfig/hyperref.cfg))

Package hyperref Message: Driver (autodetected): hpdftex.

(/usr/local/texlive/2012/texmf-dist/tex/latex/hyperref/hpdftex.def
(/usr/local/texlive/2012/texmf-dist/tex/latex/oberdiek/rerunfilecheck.sty))

Package hyperref Warning: Option `hyperindex' has already been used,
(hyperref)                setting the option has no effect on input line 356.


Package hyperref Warning: Option `pagebackref' has already been used,
(hyperref)                setting the option has no effect on input line 356.

) (/usr/local/texlive/2012/texmf-dist/tex/latex/base/makeidx.sty)
(/usr/local/texlive/2012/texmf-dist/tex/latex/base/inputenc.sty
(/usr/local/texlive/2012/texmf-dist/tex/latex/base/utf8.def
(/usr/local/texlive/2012/texmf-dist/tex/latex/base/t1enc.dfu)
(/usr/local/texlive/2012/texmf-dist/tex/latex/base/ot1enc.dfu)
(/usr/local/texlive/2012/texmf-dist/tex/latex/base/omsenc.dfu)
(/usr/local/texlive/2012/texmf-dist/tex/latex/base/ts1enc.dfu))
(/usr/local/texlive/2012/texmf-dist/tex/latex/base/latin1.def))
Writing index file Rd2.idx
No file Rd2.aux.
(/usr/local/texlive/2012/texmf-dist/tex/latex/base/ts1cmr.fd)
(/usr/local/texlive/2012/texmf-dist/tex/latex/psnfss/t1ptm.fd)
(/usr/local/texlive/2012/texmf-dist/tex/context/base/supp-pdf.mkii
[Loading MPS to PDF converter (version 2006.09.02).]
) (/usr/local/texlive/2012/texmf-dist/tex/latex/hyperref/nameref.sty
(/usr/local/texlive/2012/texmf-dist/tex/generic/oberdiek/gettitlestring.sty))
(/usr/local/texlive/2012/texmf-dist/tex/latex/psnfss/t1phv.fd)
(/usr/local/texlive/2012/texmf-dist/tex/latex/inconsolata/t1fi4.fd)
(/usr/local/texlive/2012/texmf-dist/tex/latex/base/utf8.def)
(/usr/local/texlive/2012/texmf-dist/tex/latex/base/utf8.def) [1{/usr/local/texl
ive/2012/texmf-var/fonts/map/pdftex/updmap/pdftex.map}]
(/usr/local/texlive/2012/texmf-dist/tex/latex/base/utf8.def) [2]
Overfull \hbox (10.55789pt too wide) in paragraph at lines 148--154
[]\T1/ptm/m/n/10 A \T1/fi4/m/n/10 list \T1/ptm/m/n/10 of \T1/fi4/m/n/10 express
ion\T1/ptm/m/n/10 s to be eval-u-ated in the data (with the grou-plevel.data.fr
ames

Overfull \hbox (102.99956pt too wide) in paragraph at lines 148--154
\T1/ptm/m/n/10 and a lin-ear prior mean for a fac-tor: \T1/fi4/m/n/10 expressio
n(interaction1and2 <- interaction(term1,term2))

Overfull \hbox (45.13913pt too wide) in paragraph at lines 171--175
\T1/ptm/m/n/10 fash-ion. \T1/ptm/m/it/10 Note: \T1/ptm/m/n/10 This ar-gu-ment \
T1/ptm/b/n/10 will change\T1/ptm/m/n/10 , to \T1/fi4/m/n/10 constant.population
.dimensions="chr"\T1/ptm/m/n/10 . 
[3]
Underfull \vbox (badness 10000) has occurred while \output is active [4]
(/usr/local/texlive/2012/texmf-dist/tex/latex/base/utf8.def) [5]
Overfull \hbox (19.92928pt too wide) in paragraph at lines 375--379
[]\T1/fi4/m/n/10 signature(object = "mrp")\T1/ptm/m/n/10 : re-turns the di-men-
sion of both \T1/fi4/m/n/10 poll \T1/ptm/m/n/10 and \T1/fi4/m/n/10 population\T
1/ptm/m/n/10 .

Overfull \hbox (0.50803pt too wide) in paragraph at lines 387--390
[]\T1/fi4/m/n/10 signature(object = "mrp")\T1/ptm/m/n/10 : re-turns a ma-trix c
on-tain-ing the two-column ``yes/no''
(/usr/local/texlive/2012/texmf-dist/tex/latex/base/utf8.def) [6]
(/usr/local/texlive/2012/texmf-dist/tex/latex/base/utf8.def)
Overfull \hbox (36.41913pt too wide) in paragraph at lines 492--497
[]\T1/ptm/m/n/10 A map of class [][]\T1/fi4/m/n/10 SpatialPolygonsDataFrame[][]
[]\T1/ptm/m/n/10 , such as is pro-duced by [][]\T1/fi4/m/n/10 readShapeSpatial[
][][]

Overfull \hbox (12.9063pt too wide) in paragraph at lines 492--497
\T1/ptm/m/n/10 for read-ing ESRI ``shape-files.'' This pack-age in-cludes a US 
map called [][]spmap.states[][][],
[7]
Overfull \hbox (6.25859pt too wide) in paragraph at lines 542--545
[]\T1/ptm/m/n/10 further ar-gu-ments to be passed to [][]\T1/fi4/m/n/10 spplot[
][][] \T1/ptm/m/n/10 which in turn passes them to [][]\T1/fi4/m/n/10 levelplot[
][][]\T1/ptm/m/n/10 . 

Overfull \hbox (30.11853pt too wide) in paragraph at lines 558--564
[]\T1/ptm/m/n/10 Several pack-ages pro-duce gra-di-ents of col-ors which can be
 sup-plied to \T1/fi4/m/n/10 spplot \T1/ptm/m/n/10 as \T1/fi4/m/n/10 regions=li
st(col=...)
[8] (/usr/local/texlive/2012/texmf-dist/tex/latex/base/utf8.def) [9]
Overfull \hbox (21.64871pt too wide) in paragraph at lines 647--650
[]\T1/ptm/m/n/10 An ar-ray or \T1/fi4/m/n/10 NWayData \T1/ptm/m/n/10 with di-me
n-sions match-ing \T1/fi4/m/n/10 object\T1/ptm/m/n/10 , used to pro-duce popula
tion-
(/usr/local/texlive/2012/texmf-dist/tex/latex/base/utf8.def)
(/usr/local/texlive/2012/texmf-dist/tex/latex/base/utf8.def) [10]
No file Rd2.ind.
[11] (./Rd2.aux)

Package rerunfilecheck Warning: File `Rd2.out' has changed.
(rerunfilecheck)                Rerun to get outlines right
(rerunfilecheck)                or use package `bookmark'.

 )
(see the transcript file for additional information)pdfTeX warning (dest): name
{Rfn.colorRampPalette} has been referenced but does not exist, replaced by a fi
xed one

pdfTeX warning (dest): name{Rfn.heat.colors} has been referenced but does not e
xist, replaced by a fixed one

pdfTeX warning (dest): name{Rfn.colorRamps} has been referenced but does not ex
ist, replaced by a fixed one

pdfTeX warning (dest): name{Rfn.spplot} has been referenced but does not exist,
 replaced by a fixed one

pdfTeX warning (dest): name{Rfn.xyplot} has been referenced but does not exist,
 replaced by a fixed one

pdfTeX warning (dest): name{Rfn.brewer.pal} has been referenced but does not ex
ist, replaced by a fixed one

pdfTeX warning (dest): name{Rfn.RColorBrewer} has been referenced but does not 
exist, replaced by a fixed one

pdfTeX warning (dest): name{Rfn.levelplot} has been referenced but does not exi
st, replaced by a fixed one

pdfTeX warning (dest): name{Rfn.melt} has been referenced but does not exist, r
eplaced by a fixed one

pdfTeX warning (dest): name{Rfn.spmap.states} has been referenced but does not 
exist, replaced by a fixed one

pdfTeX warning (dest): name{Rfn.readShapeSpatial} has been referenced but does 
not exist, replaced by a fixed one

pdfTeX warning (dest): name{Rfn.SpatialPolygonsDataFrame} has been referenced b
ut does not exist, replaced by a fixed one

pdfTeX warning (dest): name{Rfn.bglmer} has been referenced but does not exist,
 replaced by a fixed one

pdfTeX warning (dest): name{Rfn.update.formula} has been referenced but does no
t exist, replaced by a fixed one

pdfTeX warning (dest): name{Rfn.join} has been referenced but does not exist, r
eplaced by a fixed one

pdfTeX warning (dest): name{Rfn.factor} has been referenced but does not exist,
 replaced by a fixed one

pdfTeX warning (dest): name{Rfn.glmer} has been referenced but does not exist, 
replaced by a fixed one

{/usr/local/texlive/2012/texmf-dist/fonts/enc/dvips/base/8r.enc}{/usr/local/tex
live/2012/texmf-dist/fonts/enc/dvips/inconsolata/fi4-ec.enc}</usr/local/texlive
/2012/texmf-dist/fonts/type1/public/inconsolata/Inconsolata.pfb></usr/local/tex
live/2012/texmf-dist/fonts/type1/public/amsfonts/cm/cmmi10.pfb></usr/local/texl
ive/2012/texmf-dist/fonts/type1/public/amsfonts/cm/cmr10.pfb></usr/local/texliv
e/2012/texmf-dist/fonts/type1/urw/helvetic/uhvr8a.pfb></usr/local/texlive/2012/
texmf-dist/fonts/type1/urw/times/utmb8a.pfb></usr/local/texlive/2012/texmf-dist
/fonts/type1/urw/times/utmr8a.pfb></usr/local/texlive/2012/texmf-dist/fonts/typ
e1/urw/times/utmr8a.pfb></usr/local/texlive/2012/texmf-dist/fonts/type1/urw/tim
es/utmri8a.pfb>
Output written on Rd2.pdf (11 pages, 111802 bytes).
Transcript written on Rd2.log.
This is makeindex, version 2.15 [TeX Live 2012] (kpathsea + Thai support).
Scanning input file ./Rd2.idx....done (88 entries accepted, 12 rejected).
Sorting entries....done (599 comparisons).
Generating output file ./Rd2.ind....done (161 lines written, 0 warnings).
Output written in ./Rd2.ind.
Transcript written in ./Rd2.ilg.
This is pdfTeX, Version 3.1415926-2.4-1.40.13 (TeX Live 2012)
 restricted \write18 enabled.
entering extended mode

(/private/var/folders/28/gytpdj695z1gpghv9wry_bf80000gn/T/Rtmpq3zPWv/Rd2pdf1825
874520ba0/Rd2.tex
LaTeX2e <2011/06/27>
Babel <v3.8m> and hyphenation patterns for english, dumylang, nohyphenation, ge
rman-x-2012-05-30, ngerman-x-2012-05-30, afrikaans, ancientgreek, ibycus, arabi
c, armenian, basque, bulgarian, catalan, pinyin, coptic, croatian, czech, danis
h, dutch, ukenglish, usenglishmax, esperanto, estonian, ethiopic, farsi, finnis
h, french, friulan, galician, german, ngerman, swissgerman, monogreek, greek, h
ungarian, icelandic, assamese, bengali, gujarati, hindi, kannada, malayalam, ma
rathi, oriya, panjabi, tamil, telugu, indonesian, interlingua, irish, italian, 
kurmanji, latin, latvian, lithuanian, mongolian, mongolianlmc, bokmal, nynorsk,
 polish, portuguese, romanian, romansh, russian, sanskrit, serbian, serbianc, s
lovak, slovenian, spanish, swedish, turkish, turkmen, ukrainian, uppersorbian, 
welsh, loaded.

(/usr/local/texlive/2012/texmf-dist/tex/latex/base/book.cls
Document Class: book 2007/10/19 v1.4h Standard LaTeX document class
(/usr/local/texlive/2012/texmf-dist/tex/latex/base/bk10.clo))
(/Library/Frameworks/R.framework/Resources/share/texmf/tex/latex/Rd.sty
(/usr/local/texlive/2012/texmf-dist/tex/latex/base/ifthen.sty)
(/usr/local/texlive/2012/texmf-dist/tex/latex/tools/longtable.sty)
(/usr/local/texlive/2012/texmf-dist/tex/latex/tools/bm.sty)
(/usr/local/texlive/2012/texmf-dist/tex/latex/base/alltt.sty)
(/usr/local/texlive/2012/texmf-dist/tex/latex/tools/verbatim.sty)
(/usr/local/texlive/2012/texmf-dist/tex/latex/url/url.sty) NOT loading ae
(/usr/local/texlive/2012/texmf-dist/tex/latex/base/fontenc.sty
(/usr/local/texlive/2012/texmf-dist/tex/latex/base/t1enc.def))
(/usr/local/texlive/2012/texmf-dist/tex/latex/psnfss/times.sty)
NOT loading lmodern
(/usr/local/texlive/2012/texmf-dist/tex/latex/inconsolata/inconsolata.sty
(/usr/local/texlive/2012/texmf-dist/tex/latex/base/textcomp.sty
(/usr/local/texlive/2012/texmf-dist/tex/latex/base/ts1enc.def))
(/usr/local/texlive/2012/texmf-dist/tex/latex/graphics/keyval.sty))
(/usr/local/texlive/2012/texmf-dist/tex/latex/graphics/color.sty
(/usr/local/texlive/2012/texmf-dist/tex/latex/latexconfig/color.cfg)
(/usr/local/texlive/2012/texmf-dist/tex/latex/pdftex-def/pdftex.def
(/usr/local/texlive/2012/texmf-dist/tex/generic/oberdiek/infwarerr.sty)
(/usr/local/texlive/2012/texmf-dist/tex/generic/oberdiek/ltxcmds.sty)))
(/usr/local/texlive/2012/texmf-dist/tex/latex/hyperref/hyperref.sty
(/usr/local/texlive/2012/texmf-dist/tex/generic/oberdiek/hobsub-hyperref.sty
(/usr/local/texlive/2012/texmf-dist/tex/generic/oberdiek/hobsub-generic.sty))
(/usr/local/texlive/2012/texmf-dist/tex/generic/ifxetex/ifxetex.sty)
(/usr/local/texlive/2012/texmf-dist/tex/latex/oberdiek/kvoptions.sty)
(/usr/local/texlive/2012/texmf-dist/tex/latex/hyperref/pd1enc.def)
(/usr/local/texlive/2012/texmf-dist/tex/latex/latexconfig/hyperref.cfg))

Package hyperref Message: Driver (autodetected): hpdftex.

(/usr/local/texlive/2012/texmf-dist/tex/latex/hyperref/hpdftex.def
(/usr/local/texlive/2012/texmf-dist/tex/latex/oberdiek/rerunfilecheck.sty))

Package hyperref Warning: Option `hyperindex' has already been used,
(hyperref)                setting the option has no effect on input line 356.


Package hyperref Warning: Option `pagebackref' has already been used,
(hyperref)                setting the option has no effect on input line 356.

) (/usr/local/texlive/2012/texmf-dist/tex/latex/base/makeidx.sty)
(/usr/local/texlive/2012/texmf-dist/tex/latex/base/inputenc.sty
(/usr/local/texlive/2012/texmf-dist/tex/latex/base/utf8.def
(/usr/local/texlive/2012/texmf-dist/tex/latex/base/t1enc.dfu)
(/usr/local/texlive/2012/texmf-dist/tex/latex/base/ot1enc.dfu)
(/usr/local/texlive/2012/texmf-dist/tex/latex/base/omsenc.dfu)
(/usr/local/texlive/2012/texmf-dist/tex/latex/base/ts1enc.dfu))
(/usr/local/texlive/2012/texmf-dist/tex/latex/base/latin1.def))
Writing index file Rd2.idx
(./Rd2.aux) (/usr/local/texlive/2012/texmf-dist/tex/latex/base/ts1cmr.fd)
(/usr/local/texlive/2012/texmf-dist/tex/latex/psnfss/t1ptm.fd)
(/usr/local/texlive/2012/texmf-dist/tex/context/base/supp-pdf.mkii
[Loading MPS to PDF converter (version 2006.09.02).]
) (/usr/local/texlive/2012/texmf-dist/tex/latex/hyperref/nameref.sty
(/usr/local/texlive/2012/texmf-dist/tex/generic/oberdiek/gettitlestring.sty))
(./Rd2.out) (./Rd2.out)
(/usr/local/texlive/2012/texmf-dist/tex/latex/psnfss/t1phv.fd)
(/usr/local/texlive/2012/texmf-dist/tex/latex/inconsolata/t1fi4.fd) (./Rd2.toc)
(/usr/local/texlive/2012/texmf-dist/tex/latex/base/utf8.def)
(/usr/local/texlive/2012/texmf-dist/tex/latex/base/utf8.def) [1{/usr/local/texl
ive/2012/texmf-var/fonts/map/pdftex/updmap/pdftex.map}]
(/usr/local/texlive/2012/texmf-dist/tex/latex/base/utf8.def) [2]
Overfull \hbox (10.55789pt too wide) in paragraph at lines 148--154
[]\T1/ptm/m/n/10 A \T1/fi4/m/n/10 list \T1/ptm/m/n/10 of \T1/fi4/m/n/10 express
ion\T1/ptm/m/n/10 s to be eval-u-ated in the data (with the grou-plevel.data.fr
ames

Overfull \hbox (102.99956pt too wide) in paragraph at lines 148--154
\T1/ptm/m/n/10 and a lin-ear prior mean for a fac-tor: \T1/fi4/m/n/10 expressio
n(interaction1and2 <- interaction(term1,term2))

Overfull \hbox (45.13913pt too wide) in paragraph at lines 171--175
\T1/ptm/m/n/10 fash-ion. \T1/ptm/m/it/10 Note: \T1/ptm/m/n/10 This ar-gu-ment \
T1/ptm/b/n/10 will change\T1/ptm/m/n/10 , to \T1/fi4/m/n/10 constant.population
.dimensions="chr"\T1/ptm/m/n/10 . 
[3] [4] (/usr/local/texlive/2012/texmf-dist/tex/latex/base/utf8.def) [5]
Overfull \hbox (19.92928pt too wide) in paragraph at lines 375--379
[]\T1/fi4/m/n/10 signature(object = "mrp")\T1/ptm/m/n/10 : re-turns the di-men-
sion of both \T1/fi4/m/n/10 poll \T1/ptm/m/n/10 and \T1/fi4/m/n/10 population\T
1/ptm/m/n/10 .

Overfull \hbox (0.50803pt too wide) in paragraph at lines 387--390
[]\T1/fi4/m/n/10 signature(object = "mrp")\T1/ptm/m/n/10 : re-turns a ma-trix c
on-tain-ing the two-column ``yes/no''
(/usr/local/texlive/2012/texmf-dist/tex/latex/base/utf8.def) [6]
(/usr/local/texlive/2012/texmf-dist/tex/latex/base/utf8.def)
Overfull \hbox (36.41913pt too wide) in paragraph at lines 492--497
[]\T1/ptm/m/n/10 A map of class [][]\T1/fi4/m/n/10 SpatialPolygonsDataFrame[][]
[]\T1/ptm/m/n/10 , such as is pro-duced by [][]\T1/fi4/m/n/10 readShapeSpatial[
][][]

Overfull \hbox (12.9063pt too wide) in paragraph at lines 492--497
\T1/ptm/m/n/10 for read-ing ESRI ``shape-files.'' This pack-age in-cludes a US 
map called [][]spmap.states[][][],
[7]
Overfull \hbox (6.25859pt too wide) in paragraph at lines 542--545
[]\T1/ptm/m/n/10 further ar-gu-ments to be passed to [][]\T1/fi4/m/n/10 spplot[
][][] \T1/ptm/m/n/10 which in turn passes them to [][]\T1/fi4/m/n/10 levelplot[
][][]\T1/ptm/m/n/10 . 
[8]
Overfull \hbox (30.11853pt too wide) in paragraph at lines 558--564
[]\T1/ptm/m/n/10 Several pack-ages pro-duce gra-di-ents of col-ors which can be
 sup-plied to \T1/fi4/m/n/10 spplot \T1/ptm/m/n/10 as \T1/fi4/m/n/10 regions=li
st(col=...)
(/usr/local/texlive/2012/texmf-dist/tex/latex/base/utf8.def) [9]
Overfull \hbox (21.64871pt too wide) in paragraph at lines 647--650
[]\T1/ptm/m/n/10 An ar-ray or \T1/fi4/m/n/10 NWayData \T1/ptm/m/n/10 with di-me
n-sions match-ing \T1/fi4/m/n/10 object\T1/ptm/m/n/10 , used to pro-duce popula
tion-
(/usr/local/texlive/2012/texmf-dist/tex/latex/base/utf8.def)
(/usr/local/texlive/2012/texmf-dist/tex/latex/base/utf8.def) [10] (./Rd2.ind
[11]

LaTeX Font Warning: Font shape `T1/fi4/m/it' undefined
(Font)              using `T1/fi4/m/n' instead on input line 27.

[12] [13]) (./Rd2.aux)

Package rerunfilecheck Warning: File `Rd2.out' has changed.
(rerunfilecheck)                Rerun to get outlines right
(rerunfilecheck)                or use package `bookmark'.


LaTeX Font Warning: Some font shapes were not available, defaults substituted.

 )
(see the transcript file for additional information)pdfTeX warning (dest): name
{Rfn.colorRampPalette} has been referenced but does not exist, replaced by a fi
xed one

pdfTeX warning (dest): name{Rfn.heat.colors} has been referenced but does not e
xist, replaced by a fixed one

pdfTeX warning (dest): name{Rfn.colorRamps} has been referenced but does not ex
ist, replaced by a fixed one

pdfTeX warning (dest): name{Rfn.spplot} has been referenced but does not exist,
 replaced by a fixed one

pdfTeX warning (dest): name{Rfn.xyplot} has been referenced but does not exist,
 replaced by a fixed one

pdfTeX warning (dest): name{Rfn.brewer.pal} has been referenced but does not ex
ist, replaced by a fixed one

pdfTeX warning (dest): name{Rfn.RColorBrewer} has been referenced but does not 
exist, replaced by a fixed one

pdfTeX warning (dest): name{Rfn.levelplot} has been referenced but does not exi
st, replaced by a fixed one

pdfTeX warning (dest): name{Rfn.melt} has been referenced but does not exist, r
eplaced by a fixed one

pdfTeX warning (dest): name{Rfn.spmap.states} has been referenced but does not 
exist, replaced by a fixed one

pdfTeX warning (dest): name{Rfn.readShapeSpatial} has been referenced but does 
not exist, replaced by a fixed one

pdfTeX warning (dest): name{Rfn.SpatialPolygonsDataFrame} has been referenced b
ut does not exist, replaced by a fixed one

pdfTeX warning (dest): name{Rfn.bglmer} has been referenced but does not exist,
 replaced by a fixed one

pdfTeX warning (dest): name{Rfn.update.formula} has been referenced but does no
t exist, replaced by a fixed one

pdfTeX warning (dest): name{Rfn.join} has been referenced but does not exist, r
eplaced by a fixed one

pdfTeX warning (dest): name{Rfn.factor} has been referenced but does not exist,
 replaced by a fixed one

pdfTeX warning (dest): name{Rfn.glmer} has been referenced but does not exist, 
replaced by a fixed one

{/usr/local/texlive/2012/texmf-dist/fonts/enc/dvips/base/8r.enc}{/usr/local/tex
live/2012/texmf-dist/fonts/enc/dvips/inconsolata/fi4-ec.enc}</usr/local/texlive
/2012/texmf-dist/fonts/type1/public/inconsolata/Inconsolata.pfb></usr/local/tex
live/2012/texmf-dist/fonts/type1/public/amsfonts/cm/cmmi10.pfb></usr/local/texl
ive/2012/texmf-dist/fonts/type1/public/amsfonts/cm/cmr10.pfb></usr/local/texliv
e/2012/texmf-dist/fonts/type1/public/amsfonts/cm/cmsy10.pfb></usr/local/texlive
/2012/texmf-dist/fonts/type1/urw/helvetic/uhvr8a.pfb></usr/local/texlive/2012/t
exmf-dist/fonts/type1/urw/times/utmb8a.pfb></usr/local/texlive/2012/texmf-dist/
fonts/type1/urw/times/utmr8a.pfb></usr/local/texlive/2012/texmf-dist/fonts/type
1/urw/times/utmr8a.pfb></usr/local/texlive/2012/texmf-dist/fonts/type1/urw/time
s/utmri8a.pfb>
Output written on Rd2.pdf (13 pages, 127029 bytes).
Transcript written on Rd2.log.
This is makeindex, version 2.15 [TeX Live 2012] (kpathsea + Thai support).
Scanning input file ./Rd2.idx....done (88 entries accepted, 12 rejected).
Sorting entries....done (598 comparisons).
Generating output file ./Rd2.ind....done (162 lines written, 0 warnings).
Output written in ./Rd2.ind.
Transcript written in ./Rd2.ilg.
This is pdfTeX, Version 3.1415926-2.4-1.40.13 (TeX Live 2012)
 restricted \write18 enabled.
entering extended mode

(/private/var/folders/28/gytpdj695z1gpghv9wry_bf80000gn/T/Rtmpq3zPWv/Rd2pdf1825
874520ba0/Rd2.tex
LaTeX2e <2011/06/27>
Babel <v3.8m> and hyphenation patterns for english, dumylang, nohyphenation, ge
rman-x-2012-05-30, ngerman-x-2012-05-30, afrikaans, ancientgreek, ibycus, arabi
c, armenian, basque, bulgarian, catalan, pinyin, coptic, croatian, czech, danis
h, dutch, ukenglish, usenglishmax, esperanto, estonian, ethiopic, farsi, finnis
h, french, friulan, galician, german, ngerman, swissgerman, monogreek, greek, h
ungarian, icelandic, assamese, bengali, gujarati, hindi, kannada, malayalam, ma
rathi, oriya, panjabi, tamil, telugu, indonesian, interlingua, irish, italian, 
kurmanji, latin, latvian, lithuanian, mongolian, mongolianlmc, bokmal, nynorsk,
 polish, portuguese, romanian, romansh, russian, sanskrit, serbian, serbianc, s
lovak, slovenian, spanish, swedish, turkish, turkmen, ukrainian, uppersorbian, 
welsh, loaded.

(/usr/local/texlive/2012/texmf-dist/tex/latex/base/book.cls
Document Class: book 2007/10/19 v1.4h Standard LaTeX document class
(/usr/local/texlive/2012/texmf-dist/tex/latex/base/bk10.clo))
(/Library/Frameworks/R.framework/Resources/share/texmf/tex/latex/Rd.sty
(/usr/local/texlive/2012/texmf-dist/tex/latex/base/ifthen.sty)
(/usr/local/texlive/2012/texmf-dist/tex/latex/tools/longtable.sty)
(/usr/local/texlive/2012/texmf-dist/tex/latex/tools/bm.sty)
(/usr/local/texlive/2012/texmf-dist/tex/latex/base/alltt.sty)
(/usr/local/texlive/2012/texmf-dist/tex/latex/tools/verbatim.sty)
(/usr/local/texlive/2012/texmf-dist/tex/latex/url/url.sty) NOT loading ae
(/usr/local/texlive/2012/texmf-dist/tex/latex/base/fontenc.sty
(/usr/local/texlive/2012/texmf-dist/tex/latex/base/t1enc.def))
(/usr/local/texlive/2012/texmf-dist/tex/latex/psnfss/times.sty)
NOT loading lmodern
(/usr/local/texlive/2012/texmf-dist/tex/latex/inconsolata/inconsolata.sty
(/usr/local/texlive/2012/texmf-dist/tex/latex/base/textcomp.sty
(/usr/local/texlive/2012/texmf-dist/tex/latex/base/ts1enc.def))
(/usr/local/texlive/2012/texmf-dist/tex/latex/graphics/keyval.sty))
(/usr/local/texlive/2012/texmf-dist/tex/latex/graphics/color.sty
(/usr/local/texlive/2012/texmf-dist/tex/latex/latexconfig/color.cfg)
(/usr/local/texlive/2012/texmf-dist/tex/latex/pdftex-def/pdftex.def
(/usr/local/texlive/2012/texmf-dist/tex/generic/oberdiek/infwarerr.sty)
(/usr/local/texlive/2012/texmf-dist/tex/generic/oberdiek/ltxcmds.sty)))
(/usr/local/texlive/2012/texmf-dist/tex/latex/hyperref/hyperref.sty
(/usr/local/texlive/2012/texmf-dist/tex/generic/oberdiek/hobsub-hyperref.sty
(/usr/local/texlive/2012/texmf-dist/tex/generic/oberdiek/hobsub-generic.sty))
(/usr/local/texlive/2012/texmf-dist/tex/generic/ifxetex/ifxetex.sty)
(/usr/local/texlive/2012/texmf-dist/tex/latex/oberdiek/kvoptions.sty)
(/usr/local/texlive/2012/texmf-dist/tex/latex/hyperref/pd1enc.def)
(/usr/local/texlive/2012/texmf-dist/tex/latex/latexconfig/hyperref.cfg))

Package hyperref Message: Driver (autodetected): hpdftex.

(/usr/local/texlive/2012/texmf-dist/tex/latex/hyperref/hpdftex.def
(/usr/local/texlive/2012/texmf-dist/tex/latex/oberdiek/rerunfilecheck.sty))

Package hyperref Warning: Option `hyperindex' has already been used,
(hyperref)                setting the option has no effect on input line 356.


Package hyperref Warning: Option `pagebackref' has already been used,
(hyperref)                setting the option has no effect on input line 356.

) (/usr/local/texlive/2012/texmf-dist/tex/latex/base/makeidx.sty)
(/usr/local/texlive/2012/texmf-dist/tex/latex/base/inputenc.sty
(/usr/local/texlive/2012/texmf-dist/tex/latex/base/utf8.def
(/usr/local/texlive/2012/texmf-dist/tex/latex/base/t1enc.dfu)
(/usr/local/texlive/2012/texmf-dist/tex/latex/base/ot1enc.dfu)
(/usr/local/texlive/2012/texmf-dist/tex/latex/base/omsenc.dfu)
(/usr/local/texlive/2012/texmf-dist/tex/latex/base/ts1enc.dfu))
(/usr/local/texlive/2012/texmf-dist/tex/latex/base/latin1.def))
Writing index file Rd2.idx
(./Rd2.aux) (/usr/local/texlive/2012/texmf-dist/tex/latex/base/ts1cmr.fd)
(/usr/local/texlive/2012/texmf-dist/tex/latex/psnfss/t1ptm.fd)
(/usr/local/texlive/2012/texmf-dist/tex/context/base/supp-pdf.mkii
[Loading MPS to PDF converter (version 2006.09.02).]
) (/usr/local/texlive/2012/texmf-dist/tex/latex/hyperref/nameref.sty
(/usr/local/texlive/2012/texmf-dist/tex/generic/oberdiek/gettitlestring.sty))
(./Rd2.out) (./Rd2.out)
(/usr/local/texlive/2012/texmf-dist/tex/latex/psnfss/t1phv.fd)
(/usr/local/texlive/2012/texmf-dist/tex/latex/inconsolata/t1fi4.fd) (./Rd2.toc)
(/usr/local/texlive/2012/texmf-dist/tex/latex/base/utf8.def)
(/usr/local/texlive/2012/texmf-dist/tex/latex/base/utf8.def) [1{/usr/local/texl
ive/2012/texmf-var/fonts/map/pdftex/updmap/pdftex.map}]
(/usr/local/texlive/2012/texmf-dist/tex/latex/base/utf8.def) [2]
Overfull \hbox (10.55789pt too wide) in paragraph at lines 148--154
[]\T1/ptm/m/n/10 A \T1/fi4/m/n/10 list \T1/ptm/m/n/10 of \T1/fi4/m/n/10 express
ion\T1/ptm/m/n/10 s to be eval-u-ated in the data (with the grou-plevel.data.fr
ames

Overfull \hbox (102.99956pt too wide) in paragraph at lines 148--154
\T1/ptm/m/n/10 and a lin-ear prior mean for a fac-tor: \T1/fi4/m/n/10 expressio
n(interaction1and2 <- interaction(term1,term2))

Overfull \hbox (45.13913pt too wide) in paragraph at lines 171--175
\T1/ptm/m/n/10 fash-ion. \T1/ptm/m/it/10 Note: \T1/ptm/m/n/10 This ar-gu-ment \
T1/ptm/b/n/10 will change\T1/ptm/m/n/10 , to \T1/fi4/m/n/10 constant.population
.dimensions="chr"\T1/ptm/m/n/10 . 
[3] [4] (/usr/local/texlive/2012/texmf-dist/tex/latex/base/utf8.def) [5]
Overfull \hbox (19.92928pt too wide) in paragraph at lines 375--379
[]\T1/fi4/m/n/10 signature(object = "mrp")\T1/ptm/m/n/10 : re-turns the di-men-
sion of both \T1/fi4/m/n/10 poll \T1/ptm/m/n/10 and \T1/fi4/m/n/10 population\T
1/ptm/m/n/10 .

Overfull \hbox (0.50803pt too wide) in paragraph at lines 387--390
[]\T1/fi4/m/n/10 signature(object = "mrp")\T1/ptm/m/n/10 : re-turns a ma-trix c
on-tain-ing the two-column ``yes/no''
(/usr/local/texlive/2012/texmf-dist/tex/latex/base/utf8.def) [6]
(/usr/local/texlive/2012/texmf-dist/tex/latex/base/utf8.def)
Overfull \hbox (36.41913pt too wide) in paragraph at lines 492--497
[]\T1/ptm/m/n/10 A map of class [][]\T1/fi4/m/n/10 SpatialPolygonsDataFrame[][]
[]\T1/ptm/m/n/10 , such as is pro-duced by [][]\T1/fi4/m/n/10 readShapeSpatial[
][][]

Overfull \hbox (12.9063pt too wide) in paragraph at lines 492--497
\T1/ptm/m/n/10 for read-ing ESRI ``shape-files.'' This pack-age in-cludes a US 
map called [][]spmap.states[][][],
[7]
Overfull \hbox (6.25859pt too wide) in paragraph at lines 542--545
[]\T1/ptm/m/n/10 further ar-gu-ments to be passed to [][]\T1/fi4/m/n/10 spplot[
][][] \T1/ptm/m/n/10 which in turn passes them to [][]\T1/fi4/m/n/10 levelplot[
][][]\T1/ptm/m/n/10 . 
[8]
Overfull \hbox (30.11853pt too wide) in paragraph at lines 558--564
[]\T1/ptm/m/n/10 Several pack-ages pro-duce gra-di-ents of col-ors which can be
 sup-plied to \T1/fi4/m/n/10 spplot \T1/ptm/m/n/10 as \T1/fi4/m/n/10 regions=li
st(col=...)
(/usr/local/texlive/2012/texmf-dist/tex/latex/base/utf8.def) [9]
Overfull \hbox (21.64871pt too wide) in paragraph at lines 647--650
[]\T1/ptm/m/n/10 An ar-ray or \T1/fi4/m/n/10 NWayData \T1/ptm/m/n/10 with di-me
n-sions match-ing \T1/fi4/m/n/10 object\T1/ptm/m/n/10 , used to pro-duce popula
tion-
(/usr/local/texlive/2012/texmf-dist/tex/latex/base/utf8.def)
(/usr/local/texlive/2012/texmf-dist/tex/latex/base/utf8.def) [10] (./Rd2.ind
[11]

LaTeX Font Warning: Font shape `T1/fi4/m/it' undefined
(Font)              using `T1/fi4/m/n' instead on input line 27.

[12] [13]) (./Rd2.aux)

LaTeX Font Warning: Some font shapes were not available, defaults substituted.

 )
(see the transcript file for additional information)pdfTeX warning (dest): name
{Rfn.colorRampPalette} has been referenced but does not exist, replaced by a fi
xed one

pdfTeX warning (dest): name{Rfn.heat.colors} has been referenced but does not e
xist, replaced by a fixed one

pdfTeX warning (dest): name{Rfn.colorRamps} has been referenced but does not ex
ist, replaced by a fixed one

pdfTeX warning (dest): name{Rfn.spplot} has been referenced but does not exist,
 replaced by a fixed one

pdfTeX warning (dest): name{Rfn.xyplot} has been referenced but does not exist,
 replaced by a fixed one

pdfTeX warning (dest): name{Rfn.brewer.pal} has been referenced but does not ex
ist, replaced by a fixed one

pdfTeX warning (dest): name{Rfn.RColorBrewer} has been referenced but does not 
exist, replaced by a fixed one

pdfTeX warning (dest): name{Rfn.levelplot} has been referenced but does not exi
st, replaced by a fixed one

pdfTeX warning (dest): name{Rfn.melt} has been referenced but does not exist, r
eplaced by a fixed one

pdfTeX warning (dest): name{Rfn.spmap.states} has been referenced but does not 
exist, replaced by a fixed one

pdfTeX warning (dest): name{Rfn.readShapeSpatial} has been referenced but does 
not exist, replaced by a fixed one

pdfTeX warning (dest): name{Rfn.SpatialPolygonsDataFrame} has been referenced b
ut does not exist, replaced by a fixed one

pdfTeX warning (dest): name{Rfn.bglmer} has been referenced but does not exist,
 replaced by a fixed one

pdfTeX warning (dest): name{Rfn.update.formula} has been referenced but does no
t exist, replaced by a fixed one

pdfTeX warning (dest): name{Rfn.join} has been referenced but does not exist, r
eplaced by a fixed one

pdfTeX warning (dest): name{Rfn.factor} has been referenced but does not exist,
 replaced by a fixed one

pdfTeX warning (dest): name{Rfn.glmer} has been referenced but does not exist, 
replaced by a fixed one

{/usr/local/texlive/2012/texmf-dist/fonts/enc/dvips/base/8r.enc}{/usr/local/tex
live/2012/texmf-dist/fonts/enc/dvips/inconsolata/fi4-ec.enc}</usr/local/texlive
/2012/texmf-dist/fonts/type1/public/inconsolata/Inconsolata.pfb></usr/local/tex
live/2012/texmf-dist/fonts/type1/public/amsfonts/cm/cmmi10.pfb></usr/local/texl
ive/2012/texmf-dist/fonts/type1/public/amsfonts/cm/cmr10.pfb></usr/local/texliv
e/2012/texmf-dist/fonts/type1/public/amsfonts/cm/cmsy10.pfb></usr/local/texlive
/2012/texmf-dist/fonts/type1/urw/helvetic/uhvr8a.pfb></usr/local/texlive/2012/t
exmf-dist/fonts/type1/urw/times/utmb8a.pfb></usr/local/texlive/2012/texmf-dist/
fonts/type1/urw/times/utmr8a.pfb></usr/local/texlive/2012/texmf-dist/fonts/type
1/urw/times/utmr8a.pfb></usr/local/texlive/2012/texmf-dist/fonts/type1/urw/time
s/utmri8a.pfb>
Output written on Rd2.pdf (13 pages, 127664 bytes).
Transcript written on Rd2.log.
Saving output to 'mrp-manual.pdf' ...
Done
You may want to clean up by 'rm -rf /var/folders/28/gytpdj695z1gpghv9wry_bf80000gn/T//Rtmpq3zPWv/Rd2pdf1825874520ba0'
